Info: Starting: Create block symbol file (.bsf)
Info: qsys-generate C:\ECE3073\Project\NIOS2_WEEK2.qsys --block-symbol-file --output-directory=C:\ECE3073\Project\NIOS2_WEEK2 --family="MAX 10" --part=10M50DAF484C7G
Progress: Loading Project/NIOS2_WEEK2.qsys
Progress: Reading input file
Progress: Adding ACCEL_SPI [altera_up_avalon_accelerometer_spi 18.0]
Progress: Parameterizing module ACCEL_SPI
Progress: Adding CAMERA_READY [altera_avalon_pio 18.1]
Progress: Parameterizing module CAMERA_READY
Progress: Adding GPIO3 [altera_avalon_pio 18.1]
Progress: Parameterizing module GPIO3
Progress: Adding IMG_ADDR_DRAM [altera_avalon_pio 18.1]
Progress: Parameterizing module IMG_ADDR_DRAM
Progress: Adding LEDR [altera_avalon_pio 18.1]
Progress: Parameterizing module LEDR
Progress: Adding PB_SW_1 [altera_avalon_pio 18.1]
Progress: Parameterizing module PB_SW_1
Progress: Adding PB_SW_2 [altera_avalon_pio 18.1]
Progress: Parameterizing module PB_SW_2
Progress: Adding PIXEL_DATA [altera_avalon_pio 18.1]
Progress: Parameterizing module PIXEL_DATA
Progress: Adding SDRAM [altera_avalon_new_sdram_controller 18.1]
Progress: Parameterizing module SDRAM
Progress: Adding SEVEN_SEG_0 [altera_avalon_pio 18.1]
Progress: Parameterizing module SEVEN_SEG_0
Progress: Adding SEVEN_SEG_1 [altera_avalon_pio 18.1]
Progress: Parameterizing module SEVEN_SEG_1
Progress: Adding SEVEN_SEG_2 [altera_avalon_pio 18.1]
Progress: Parameterizing module SEVEN_SEG_2
Progress: Adding SEVEN_SEG_3 [altera_avalon_pio 18.1]
Progress: Parameterizing module SEVEN_SEG_3
Progress: Adding SEVEN_SEG_4 [altera_avalon_pio 18.1]
Progress: Parameterizing module SEVEN_SEG_4
Progress: Adding SEVEN_SEG_5 [altera_avalon_pio 18.1]
Progress: Parameterizing module SEVEN_SEG_5
Progress: Adding SPI [altera_avalon_spi 18.1]
Progress: Parameterizing module SPI
Progress: Adding SRAM [altera_avalon_onchip_memory2 18.1]
Progress: Parameterizing module SRAM
Progress: Adding WRITE_ENABLE [altera_avalon_pio 18.1]
Progress: Parameterizing module WRITE_ENABLE
Progress: Adding clk_0 [clock_source 18.1]
Progress: Parameterizing module clk_0
Progress: Adding jtag_uart_0 [altera_avalon_jtag_uart 18.1]
Progress: Parameterizing module jtag_uart_0
Progress: Adding nios2_gen2_0 [altera_nios2_gen2 18.1]
Progress: Parameterizing module nios2_gen2_0
Progress: Building connections
Progress: Parameterizing connections
Progress: Validating
Progress: Done reading input file
Info: NIOS2_WEEK2.CAMERA_READY: PIO inputs are not hardwired in test bench. Undefined values will be read from PIO inputs during simulation.
Info: NIOS2_WEEK2.PB_SW_1: PIO inputs are not hardwired in test bench. Undefined values will be read from PIO inputs during simulation.
Info: NIOS2_WEEK2.PB_SW_2: PIO inputs are not hardwired in test bench. Undefined values will be read from PIO inputs during simulation.
Info: NIOS2_WEEK2.SDRAM: SDRAM Controller will only be supported in Quartus Prime Standard Edition in the future release.
Info: NIOS2_WEEK2.jtag_uart_0: JTAG UART IP input clock need to be at least double (2x) the operating frequency of JTAG TCK on board
Info: qsys-generate succeeded.
Info: Finished: Create block symbol file (.bsf)
Info: 
Info: Starting: Create HDL design files for synthesis
Info: qsys-generate C:\ECE3073\Project\NIOS2_WEEK2.qsys --synthesis=VERILOG --output-directory=C:\ECE3073\Project\NIOS2_WEEK2\synthesis --family="MAX 10" --part=10M50DAF484C7G
Progress: Loading Project/NIOS2_WEEK2.qsys
Progress: Reading input file
Progress: Adding ACCEL_SPI [altera_up_avalon_accelerometer_spi 18.0]
Progress: Parameterizing module ACCEL_SPI
Progress: Adding CAMERA_READY [altera_avalon_pio 18.1]
Progress: Parameterizing module CAMERA_READY
Progress: Adding GPIO3 [altera_avalon_pio 18.1]
Progress: Parameterizing module GPIO3
Progress: Adding IMG_ADDR_DRAM [altera_avalon_pio 18.1]
Progress: Parameterizing module IMG_ADDR_DRAM
Progress: Adding LEDR [altera_avalon_pio 18.1]
Progress: Parameterizing module LEDR
Progress: Adding PB_SW_1 [altera_avalon_pio 18.1]
Progress: Parameterizing module PB_SW_1
Progress: Adding PB_SW_2 [altera_avalon_pio 18.1]
Progress: Parameterizing module PB_SW_2
Progress: Adding PIXEL_DATA [altera_avalon_pio 18.1]
Progress: Parameterizing module PIXEL_DATA
Progress: Adding SDRAM [altera_avalon_new_sdram_controller 18.1]
Progress: Parameterizing module SDRAM
Progress: Adding SEVEN_SEG_0 [altera_avalon_pio 18.1]
Progress: Parameterizing module SEVEN_SEG_0
Progress: Adding SEVEN_SEG_1 [altera_avalon_pio 18.1]
Progress: Parameterizing module SEVEN_SEG_1
Progress: Adding SEVEN_SEG_2 [altera_avalon_pio 18.1]
Progress: Parameterizing module SEVEN_SEG_2
Progress: Adding SEVEN_SEG_3 [altera_avalon_pio 18.1]
Progress: Parameterizing module SEVEN_SEG_3
Progress: Adding SEVEN_SEG_4 [altera_avalon_pio 18.1]
Progress: Parameterizing module SEVEN_SEG_4
Progress: Adding SEVEN_SEG_5 [altera_avalon_pio 18.1]
Progress: Parameterizing module SEVEN_SEG_5
Progress: Adding SPI [altera_avalon_spi 18.1]
Progress: Parameterizing module SPI
Progress: Adding SRAM [altera_avalon_onchip_memory2 18.1]
Progress: Parameterizing module SRAM
Progress: Adding WRITE_ENABLE [altera_avalon_pio 18.1]
Progress: Parameterizing module WRITE_ENABLE
Progress: Adding clk_0 [clock_source 18.1]
Progress: Parameterizing module clk_0
Progress: Adding jtag_uart_0 [altera_avalon_jtag_uart 18.1]
Progress: Parameterizing module jtag_uart_0
Progress: Adding nios2_gen2_0 [altera_nios2_gen2 18.1]
Progress: Parameterizing module nios2_gen2_0
Progress: Building connections
Progress: Parameterizing connections
Progress: Validating
Progress: Done reading input file
Info: NIOS2_WEEK2.CAMERA_READY: PIO inputs are not hardwired in test bench. Undefined values will be read from PIO inputs during simulation.
Info: NIOS2_WEEK2.PB_SW_1: PIO inputs are not hardwired in test bench. Undefined values will be read from PIO inputs during simulation.
Info: NIOS2_WEEK2.PB_SW_2: PIO inputs are not hardwired in test bench. Undefined values will be read from PIO inputs during simulation.
Info: NIOS2_WEEK2.SDRAM: SDRAM Controller will only be supported in Quartus Prime Standard Edition in the future release.
Info: NIOS2_WEEK2.jtag_uart_0: JTAG UART IP input clock need to be at least double (2x) the operating frequency of JTAG TCK on board
Info: NIOS2_WEEK2: Generating NIOS2_WEEK2 "NIOS2_WEEK2" for QUARTUS_SYNTH
Info: ACCEL_SPI: Starting Generation of the Accelerometer Controller in SPI mode
Info: ACCEL_SPI: "NIOS2_WEEK2" instantiated altera_up_avalon_accelerometer_spi "ACCEL_SPI"
Info: CAMERA_READY: Starting RTL generation for module 'NIOS2_WEEK2_CAMERA_READY'
Info: CAMERA_READY:   Generation command is [exec C:/intelfpga_lite/18.1/quartus/bin64/perl/bin/perl.exe -I C:/intelfpga_lite/18.1/quartus/bin64/perl/lib -I C:/intelfpga_lite/18.1/quartus/sopc_builder/bin/europa -I C:/intelfpga_lite/18.1/quartus/sopc_builder/bin/perl_lib -I C:/intelfpga_lite/18.1/quartus/sopc_builder/bin -I C:/intelfpga_lite/18.1/quartus/../ip/altera/sopc_builder_ip/common -I C:/intelfpga_lite/18.1/quartus/../ip/altera/sopc_builder_ip/altera_avalon_pio -- C:/intelfpga_lite/18.1/quartus/../ip/altera/sopc_builder_ip/altera_avalon_pio/generate_rtl.pl --name=NIOS2_WEEK2_CAMERA_READY --dir=C:/Users/RAFGHA~1/AppData/Local/Temp/alt0542_4944905110711828364.dir/0041_CAMERA_READY_gen/ --quartus_dir=C:/intelfpga_lite/18.1/quartus --verilog --config=C:/Users/RAFGHA~1/AppData/Local/Temp/alt0542_4944905110711828364.dir/0041_CAMERA_READY_gen//NIOS2_WEEK2_CAMERA_READY_component_configuration.pl  --do_build_sim=0  ]
Info: CAMERA_READY: Done RTL generation for module 'NIOS2_WEEK2_CAMERA_READY'
Info: CAMERA_READY: "NIOS2_WEEK2" instantiated altera_avalon_pio "CAMERA_READY"
Info: GPIO3: Starting RTL generation for module 'NIOS2_WEEK2_GPIO3'
Info: GPIO3:   Generation command is [exec C:/intelfpga_lite/18.1/quartus/bin64/perl/bin/perl.exe -I C:/intelfpga_lite/18.1/quartus/bin64/perl/lib -I C:/intelfpga_lite/18.1/quartus/sopc_builder/bin/europa -I C:/intelfpga_lite/18.1/quartus/sopc_builder/bin/perl_lib -I C:/intelfpga_lite/18.1/quartus/sopc_builder/bin -I C:/intelfpga_lite/18.1/quartus/../ip/altera/sopc_builder_ip/common -I C:/intelfpga_lite/18.1/quartus/../ip/altera/sopc_builder_ip/altera_avalon_pio -- C:/intelfpga_lite/18.1/quartus/../ip/altera/sopc_builder_ip/altera_avalon_pio/generate_rtl.pl --name=NIOS2_WEEK2_GPIO3 --dir=C:/Users/RAFGHA~1/AppData/Local/Temp/alt0542_4944905110711828364.dir/0042_GPIO3_gen/ --quartus_dir=C:/intelfpga_lite/18.1/quartus --verilog --config=C:/Users/RAFGHA~1/AppData/Local/Temp/alt0542_4944905110711828364.dir/0042_GPIO3_gen//NIOS2_WEEK2_GPIO3_component_configuration.pl  --do_build_sim=0  ]
Info: GPIO3: Done RTL generation for module 'NIOS2_WEEK2_GPIO3'
Info: GPIO3: "NIOS2_WEEK2" instantiated altera_avalon_pio "GPIO3"
Info: IMG_ADDR_DRAM: Starting RTL generation for module 'NIOS2_WEEK2_IMG_ADDR_DRAM'
Info: IMG_ADDR_DRAM:   Generation command is [exec C:/intelfpga_lite/18.1/quartus/bin64/perl/bin/perl.exe -I C:/intelfpga_lite/18.1/quartus/bin64/perl/lib -I C:/intelfpga_lite/18.1/quartus/sopc_builder/bin/europa -I C:/intelfpga_lite/18.1/quartus/sopc_builder/bin/perl_lib -I C:/intelfpga_lite/18.1/quartus/sopc_builder/bin -I C:/intelfpga_lite/18.1/quartus/../ip/altera/sopc_builder_ip/common -I C:/intelfpga_lite/18.1/quartus/../ip/altera/sopc_builder_ip/altera_avalon_pio -- C:/intelfpga_lite/18.1/quartus/../ip/altera/sopc_builder_ip/altera_avalon_pio/generate_rtl.pl --name=NIOS2_WEEK2_IMG_ADDR_DRAM --dir=C:/Users/RAFGHA~1/AppData/Local/Temp/alt0542_4944905110711828364.dir/0043_IMG_ADDR_DRAM_gen/ --quartus_dir=C:/intelfpga_lite/18.1/quartus --verilog --config=C:/Users/RAFGHA~1/AppData/Local/Temp/alt0542_4944905110711828364.dir/0043_IMG_ADDR_DRAM_gen//NIOS2_WEEK2_IMG_ADDR_DRAM_component_configuration.pl  --do_build_sim=0  ]
Info: IMG_ADDR_DRAM: Done RTL generation for module 'NIOS2_WEEK2_IMG_ADDR_DRAM'
Info: IMG_ADDR_DRAM: "NIOS2_WEEK2" instantiated altera_avalon_pio "IMG_ADDR_DRAM"
Info: LEDR: Starting RTL generation for module 'NIOS2_WEEK2_LEDR'
Info: LEDR:   Generation command is [exec C:/intelfpga_lite/18.1/quartus/bin64/perl/bin/perl.exe -I C:/intelfpga_lite/18.1/quartus/bin64/perl/lib -I C:/intelfpga_lite/18.1/quartus/sopc_builder/bin/europa -I C:/intelfpga_lite/18.1/quartus/sopc_builder/bin/perl_lib -I C:/intelfpga_lite/18.1/quartus/sopc_builder/bin -I C:/intelfpga_lite/18.1/quartus/../ip/altera/sopc_builder_ip/common -I C:/intelfpga_lite/18.1/quartus/../ip/altera/sopc_builder_ip/altera_avalon_pio -- C:/intelfpga_lite/18.1/quartus/../ip/altera/sopc_builder_ip/altera_avalon_pio/generate_rtl.pl --name=NIOS2_WEEK2_LEDR --dir=C:/Users/RAFGHA~1/AppData/Local/Temp/alt0542_4944905110711828364.dir/0044_LEDR_gen/ --quartus_dir=C:/intelfpga_lite/18.1/quartus --verilog --config=C:/Users/RAFGHA~1/AppData/Local/Temp/alt0542_4944905110711828364.dir/0044_LEDR_gen//NIOS2_WEEK2_LEDR_component_configuration.pl  --do_build_sim=0  ]
Info: LEDR: Done RTL generation for module 'NIOS2_WEEK2_LEDR'
Info: LEDR: "NIOS2_WEEK2" instantiated altera_avalon_pio "LEDR"
Info: PIXEL_DATA: Starting RTL generation for module 'NIOS2_WEEK2_PIXEL_DATA'
Info: PIXEL_DATA:   Generation command is [exec C:/intelfpga_lite/18.1/quartus/bin64/perl/bin/perl.exe -I C:/intelfpga_lite/18.1/quartus/bin64/perl/lib -I C:/intelfpga_lite/18.1/quartus/sopc_builder/bin/europa -I C:/intelfpga_lite/18.1/quartus/sopc_builder/bin/perl_lib -I C:/intelfpga_lite/18.1/quartus/sopc_builder/bin -I C:/intelfpga_lite/18.1/quartus/../ip/altera/sopc_builder_ip/common -I C:/intelfpga_lite/18.1/quartus/../ip/altera/sopc_builder_ip/altera_avalon_pio -- C:/intelfpga_lite/18.1/quartus/../ip/altera/sopc_builder_ip/altera_avalon_pio/generate_rtl.pl --name=NIOS2_WEEK2_PIXEL_DATA --dir=C:/Users/RAFGHA~1/AppData/Local/Temp/alt0542_4944905110711828364.dir/0045_PIXEL_DATA_gen/ --quartus_dir=C:/intelfpga_lite/18.1/quartus --verilog --config=C:/Users/RAFGHA~1/AppData/Local/Temp/alt0542_4944905110711828364.dir/0045_PIXEL_DATA_gen//NIOS2_WEEK2_PIXEL_DATA_component_configuration.pl  --do_build_sim=0  ]
Info: PIXEL_DATA: Done RTL generation for module 'NIOS2_WEEK2_PIXEL_DATA'
Info: PIXEL_DATA: "NIOS2_WEEK2" instantiated altera_avalon_pio "PIXEL_DATA"
Info: SDRAM: Starting RTL generation for module 'NIOS2_WEEK2_SDRAM'
Info: SDRAM:   Generation command is [exec C:/intelfpga_lite/18.1/quartus/bin64/perl/bin/perl.exe -I C:/intelfpga_lite/18.1/quartus/bin64/perl/lib -I C:/intelfpga_lite/18.1/quartus/sopc_builder/bin/europa -I C:/intelfpga_lite/18.1/quartus/sopc_builder/bin/perl_lib -I C:/intelfpga_lite/18.1/quartus/sopc_builder/bin -I C:/intelfpga_lite/18.1/quartus/../ip/altera/sopc_builder_ip/common -I C:/intelfpga_lite/18.1/quartus/../ip/altera/sopc_builder_ip/altera_avalon_new_sdram_controller -- C:/intelfpga_lite/18.1/quartus/../ip/altera/sopc_builder_ip/altera_avalon_new_sdram_controller/generate_rtl.pl --name=NIOS2_WEEK2_SDRAM --dir=C:/Users/RAFGHA~1/AppData/Local/Temp/alt0542_4944905110711828364.dir/0046_SDRAM_gen/ --quartus_dir=C:/intelfpga_lite/18.1/quartus --verilog --config=C:/Users/RAFGHA~1/AppData/Local/Temp/alt0542_4944905110711828364.dir/0046_SDRAM_gen//NIOS2_WEEK2_SDRAM_component_configuration.pl  --do_build_sim=0  ]
Info: SDRAM: Done RTL generation for module 'NIOS2_WEEK2_SDRAM'
Info: SDRAM: "NIOS2_WEEK2" instantiated altera_avalon_new_sdram_controller "SDRAM"
Info: SEVEN_SEG_0: Starting RTL generation for module 'NIOS2_WEEK2_SEVEN_SEG_0'
Info: SEVEN_SEG_0:   Generation command is [exec C:/intelfpga_lite/18.1/quartus/bin64/perl/bin/perl.exe -I C:/intelfpga_lite/18.1/quartus/bin64/perl/lib -I C:/intelfpga_lite/18.1/quartus/sopc_builder/bin/europa -I C:/intelfpga_lite/18.1/quartus/sopc_builder/bin/perl_lib -I C:/intelfpga_lite/18.1/quartus/sopc_builder/bin -I C:/intelfpga_lite/18.1/quartus/../ip/altera/sopc_builder_ip/common -I C:/intelfpga_lite/18.1/quartus/../ip/altera/sopc_builder_ip/altera_avalon_pio -- C:/intelfpga_lite/18.1/quartus/../ip/altera/sopc_builder_ip/altera_avalon_pio/generate_rtl.pl --name=NIOS2_WEEK2_SEVEN_SEG_0 --dir=C:/Users/RAFGHA~1/AppData/Local/Temp/alt0542_4944905110711828364.dir/0047_SEVEN_SEG_0_gen/ --quartus_dir=C:/intelfpga_lite/18.1/quartus --verilog --config=C:/Users/RAFGHA~1/AppData/Local/Temp/alt0542_4944905110711828364.dir/0047_SEVEN_SEG_0_gen//NIOS2_WEEK2_SEVEN_SEG_0_component_configuration.pl  --do_build_sim=0  ]
Info: SEVEN_SEG_0: Done RTL generation for module 'NIOS2_WEEK2_SEVEN_SEG_0'
Info: SEVEN_SEG_0: "NIOS2_WEEK2" instantiated altera_avalon_pio "SEVEN_SEG_0"
Info: SPI: Starting RTL generation for module 'NIOS2_WEEK2_SPI'
Info: SPI:   Generation command is [exec C:/intelfpga_lite/18.1/quartus/bin64/perl/bin/perl.exe -I C:/intelfpga_lite/18.1/quartus/bin64/perl/lib -I C:/intelfpga_lite/18.1/quartus/sopc_builder/bin/europa -I C:/intelfpga_lite/18.1/quartus/sopc_builder/bin/perl_lib -I C:/intelfpga_lite/18.1/quartus/sopc_builder/bin -I C:/intelfpga_lite/18.1/quartus/../ip/altera/sopc_builder_ip/common -I C:/intelfpga_lite/18.1/quartus/../ip/altera/sopc_builder_ip/altera_avalon_spi -- C:/intelfpga_lite/18.1/quartus/../ip/altera/sopc_builder_ip/altera_avalon_spi/generate_rtl.pl --name=NIOS2_WEEK2_SPI --dir=C:/Users/RAFGHA~1/AppData/Local/Temp/alt0542_4944905110711828364.dir/0048_SPI_gen/ --quartus_dir=C:/intelfpga_lite/18.1/quartus --verilog --config=C:/Users/RAFGHA~1/AppData/Local/Temp/alt0542_4944905110711828364.dir/0048_SPI_gen//NIOS2_WEEK2_SPI_component_configuration.pl  --do_build_sim=0  ]
Info: SPI: Done RTL generation for module 'NIOS2_WEEK2_SPI'
Info: SPI: "NIOS2_WEEK2" instantiated altera_avalon_spi "SPI"
Info: SRAM: Starting RTL generation for module 'NIOS2_WEEK2_SRAM'
Info: SRAM:   Generation command is [exec C:/intelfpga_lite/18.1/quartus/bin64/perl/bin/perl.exe -I C:/intelfpga_lite/18.1/quartus/bin64/perl/lib -I C:/intelfpga_lite/18.1/quartus/sopc_builder/bin/europa -I C:/intelfpga_lite/18.1/quartus/sopc_builder/bin/perl_lib -I C:/intelfpga_lite/18.1/quartus/sopc_builder/bin -I C:/intelfpga_lite/18.1/quartus/../ip/altera/sopc_builder_ip/common -I C:/intelfpga_lite/18.1/quartus/../ip/altera/sopc_builder_ip/altera_avalon_onchip_memory2 -- C:/intelfpga_lite/18.1/quartus/../ip/altera/sopc_builder_ip/altera_avalon_onchip_memory2/generate_rtl.pl --name=NIOS2_WEEK2_SRAM --dir=C:/Users/RAFGHA~1/AppData/Local/Temp/alt0542_4944905110711828364.dir/0049_SRAM_gen/ --quartus_dir=C:/intelfpga_lite/18.1/quartus --verilog --config=C:/Users/RAFGHA~1/AppData/Local/Temp/alt0542_4944905110711828364.dir/0049_SRAM_gen//NIOS2_WEEK2_SRAM_component_configuration.pl  --do_build_sim=0  ]
Info: SRAM: Done RTL generation for module 'NIOS2_WEEK2_SRAM'
Info: SRAM: "NIOS2_WEEK2" instantiated altera_avalon_onchip_memory2 "SRAM"
Info: jtag_uart_0: Starting RTL generation for module 'NIOS2_WEEK2_jtag_uart_0'
Info: jtag_uart_0:   Generation command is [exec C:/intelfpga_lite/18.1/quartus/bin64/perl/bin/perl.exe -I C:/intelfpga_lite/18.1/quartus/bin64/perl/lib -I C:/intelfpga_lite/18.1/quartus/sopc_builder/bin/europa -I C:/intelfpga_lite/18.1/quartus/sopc_builder/bin/perl_lib -I C:/intelfpga_lite/18.1/quartus/sopc_builder/bin -I C:/intelfpga_lite/18.1/quartus/../ip/altera/sopc_builder_ip/common -I C:/intelfpga_lite/18.1/quartus/../ip/altera/sopc_builder_ip/altera_avalon_jtag_uart -- C:/intelfpga_lite/18.1/quartus/../ip/altera/sopc_builder_ip/altera_avalon_jtag_uart/generate_rtl.pl --name=NIOS2_WEEK2_jtag_uart_0 --dir=C:/Users/RAFGHA~1/AppData/Local/Temp/alt0542_4944905110711828364.dir/0050_jtag_uart_0_gen/ --quartus_dir=C:/intelfpga_lite/18.1/quartus --verilog --config=C:/Users/RAFGHA~1/AppData/Local/Temp/alt0542_4944905110711828364.dir/0050_jtag_uart_0_gen//NIOS2_WEEK2_jtag_uart_0_component_configuration.pl  --do_build_sim=0  ]
Info: jtag_uart_0: Done RTL generation for module 'NIOS2_WEEK2_jtag_uart_0'
Info: jtag_uart_0: "NIOS2_WEEK2" instantiated altera_avalon_jtag_uart "jtag_uart_0"
Info: nios2_gen2_0: "NIOS2_WEEK2" instantiated altera_nios2_gen2 "nios2_gen2_0"
Info: avalon_st_adapter: Inserting error_adapter: error_adapter_0
Info: avalon_st_adapter_001: Inserting error_adapter: error_adapter_0
Info: avalon_st_adapter_002: Inserting error_adapter: error_adapter_0
Info: avalon_st_adapter_003: Inserting error_adapter: error_adapter_0
Info: avalon_st_adapter_004: Inserting error_adapter: error_adapter_0
Info: avalon_st_adapter_005: Inserting error_adapter: error_adapter_0
Info: avalon_st_adapter_006: Inserting error_adapter: error_adapter_0
Info: avalon_st_adapter_007: Inserting error_adapter: error_adapter_0
Info: avalon_st_adapter_008: Inserting error_adapter: error_adapter_0
Info: avalon_st_adapter_009: Inserting error_adapter: error_adapter_0
Info: avalon_st_adapter_010: Inserting error_adapter: error_adapter_0
Info: avalon_st_adapter_011: Inserting error_adapter: error_adapter_0
Info: avalon_st_adapter_012: Inserting error_adapter: error_adapter_0
Info: avalon_st_adapter_013: Inserting error_adapter: error_adapter_0
Info: avalon_st_adapter_014: Inserting error_adapter: error_adapter_0
Info: avalon_st_adapter_015: Inserting error_adapter: error_adapter_0
Info: avalon_st_adapter_016: Inserting error_adapter: error_adapter_0
Info: avalon_st_adapter_017: Inserting error_adapter: error_adapter_0
Info: avalon_st_adapter_018: Inserting error_adapter: error_adapter_0
Info: avalon_st_adapter_019: Inserting error_adapter: error_adapter_0
Info: mm_interconnect_0: "NIOS2_WEEK2" instantiated altera_mm_interconnect "mm_interconnect_0"
Info: irq_mapper: "NIOS2_WEEK2" instantiated altera_irq_mapper "irq_mapper"
Info: rst_controller: "NIOS2_WEEK2" instantiated altera_reset_controller "rst_controller"
Info: cpu: Starting RTL generation for module 'NIOS2_WEEK2_nios2_gen2_0_cpu'
Info: cpu:   Generation command is [exec C:/intelFPGA_lite/18.1/quartus/bin64//eperlcmd.exe -I C:/intelFPGA_lite/18.1/quartus/bin64//perl/lib -I C:/intelfpga_lite/18.1/quartus/sopc_builder/bin/europa -I C:/intelfpga_lite/18.1/quartus/sopc_builder/bin/perl_lib -I C:/intelfpga_lite/18.1/quartus/sopc_builder/bin -I C:/intelfpga_lite/18.1/quartus/../ip/altera/nios2_ip/altera_nios2_gen2/cpu_lib -I C:/intelfpga_lite/18.1/quartus/../ip/altera/nios2_ip/altera_nios2_gen2/nios_lib -I C:/intelfpga_lite/18.1/quartus/../ip/altera/nios2_ip/altera_nios2_gen2 -I C:/intelfpga_lite/18.1/quartus/../ip/altera/nios2_ip/altera_nios2_gen2 -- C:/intelfpga_lite/18.1/quartus/../ip/altera/nios2_ip/altera_nios2_gen2/generate_rtl.epl --name=NIOS2_WEEK2_nios2_gen2_0_cpu --dir=C:/Users/RAFGHA~1/AppData/Local/Temp/alt0542_4944905110711828364.dir/0053_cpu_gen/ --quartus_bindir=C:/intelFPGA_lite/18.1/quartus/bin64/ --verilog --config=C:/Users/RAFGHA~1/AppData/Local/Temp/alt0542_4944905110711828364.dir/0053_cpu_gen//NIOS2_WEEK2_nios2_gen2_0_cpu_processor_configuration.pl  --do_build_sim=0  ]
Info: cpu: # 2026.03.31 15:06:16 (*) Starting Nios II generation
Info: cpu: # 2026.03.31 15:06:16 (*)   Checking for plaintext license.
Info: cpu: # 2026.03.31 15:06:20 (*)   Plaintext license not found.
Info: cpu: # 2026.03.31 15:06:20 (*)   No license required to generate encrypted Nios II/e.
Info: cpu: # 2026.03.31 15:06:20 (*)   Elaborating CPU configuration settings
Info: cpu: # 2026.03.31 15:06:20 (*)   Creating all objects for CPU
Info: cpu: # 2026.03.31 15:06:21 (*)   Generating RTL from CPU objects
Info: cpu: # 2026.03.31 15:06:21 (*)   Creating plain-text RTL
Info: cpu: # 2026.03.31 15:06:21 (*) Done Nios II generation
Info: cpu: Done RTL generation for module 'NIOS2_WEEK2_nios2_gen2_0_cpu'
Info: cpu: "nios2_gen2_0" instantiated altera_nios2_gen2_unit "cpu"
Info: nios2_gen2_0_data_master_translator: "mm_interconnect_0" instantiated altera_merlin_master_translator "nios2_gen2_0_data_master_translator"
Info: ACCEL_SPI_avalon_accelerometer_spi_mode_slave_translator: "mm_interconnect_0" instantiated altera_merlin_slave_translator "ACCEL_SPI_avalon_accelerometer_spi_mode_slave_translator"
Info: nios2_gen2_0_data_master_agent: "mm_interconnect_0" instantiated altera_merlin_master_agent "nios2_gen2_0_data_master_agent"
Info: ACCEL_SPI_avalon_accelerometer_spi_mode_slave_agent: "mm_interconnect_0" instantiated altera_merlin_slave_agent "ACCEL_SPI_avalon_accelerometer_spi_mode_slave_agent"
Info: ACCEL_SPI_avalon_accelerometer_spi_mode_slave_agent_rsp_fifo: "mm_interconnect_0" instantiated altera_avalon_sc_fifo "ACCEL_SPI_avalon_accelerometer_spi_mode_slave_agent_rsp_fifo"
Info: router: "mm_interconnect_0" instantiated altera_merlin_router "router"
Info: router_001: "mm_interconnect_0" instantiated altera_merlin_router "router_001"
Info: router_002: "mm_interconnect_0" instantiated altera_merlin_router "router_002"
Info: router_003: "mm_interconnect_0" instantiated altera_merlin_router "router_003"
Info: router_005: "mm_interconnect_0" instantiated altera_merlin_router "router_005"
Info: router_008: "mm_interconnect_0" instantiated altera_merlin_router "router_008"
Info: ACCEL_SPI_avalon_accelerometer_spi_mode_slave_burst_adapter: "mm_interconnect_0" instantiated altera_merlin_burst_adapter "ACCEL_SPI_avalon_accelerometer_spi_mode_slave_burst_adapter"
Info: cmd_demux: "mm_interconnect_0" instantiated altera_merlin_demultiplexer "cmd_demux"
Info: cmd_demux_001: "mm_interconnect_0" instantiated altera_merlin_demultiplexer "cmd_demux_001"
Info: cmd_mux: "mm_interconnect_0" instantiated altera_merlin_multiplexer "cmd_mux"
Info: cmd_mux_001: "mm_interconnect_0" instantiated altera_merlin_multiplexer "cmd_mux_001"
Info: Reusing file C:/ECE3073/Project/NIOS2_WEEK2/synthesis/submodules/altera_merlin_arbitrator.sv
Info: rsp_demux: "mm_interconnect_0" instantiated altera_merlin_demultiplexer "rsp_demux"
Info: rsp_demux_001: "mm_interconnect_0" instantiated altera_merlin_demultiplexer "rsp_demux_001"
Info: rsp_mux: "mm_interconnect_0" instantiated altera_merlin_multiplexer "rsp_mux"
Info: Reusing file C:/ECE3073/Project/NIOS2_WEEK2/synthesis/submodules/altera_merlin_arbitrator.sv
Info: rsp_mux_001: "mm_interconnect_0" instantiated altera_merlin_multiplexer "rsp_mux_001"
Info: Reusing file C:/ECE3073/Project/NIOS2_WEEK2/synthesis/submodules/altera_merlin_arbitrator.sv
Info: ACCEL_SPI_avalon_accelerometer_spi_mode_slave_rsp_width_adapter: "mm_interconnect_0" instantiated altera_merlin_width_adapter "ACCEL_SPI_avalon_accelerometer_spi_mode_slave_rsp_width_adapter"
Info: Reusing file C:/ECE3073/Project/NIOS2_WEEK2/synthesis/submodules/altera_merlin_address_alignment.sv
Info: Reusing file C:/ECE3073/Project/NIOS2_WEEK2/synthesis/submodules/altera_merlin_burst_uncompressor.sv
Info: avalon_st_adapter: "mm_interconnect_0" instantiated altera_avalon_st_adapter "avalon_st_adapter"
Info: avalon_st_adapter_001: "mm_interconnect_0" instantiated altera_avalon_st_adapter "avalon_st_adapter_001"
Info: avalon_st_adapter_006: "mm_interconnect_0" instantiated altera_avalon_st_adapter "avalon_st_adapter_006"
Info: error_adapter_0: "avalon_st_adapter" instantiated error_adapter "error_adapter_0"
Info: error_adapter_0: "avalon_st_adapter_001" instantiated error_adapter "error_adapter_0"
Info: error_adapter_0: "avalon_st_adapter_006" instantiated error_adapter "error_adapter_0"
Info: NIOS2_WEEK2: Done "NIOS2_WEEK2" with 44 modules, 69 files
Info: qsys-generate succeeded.
Info: Finished: Create HDL design files for synthesis
